Determining if the pthread_create exist failed with the following output:
Change Dir: /home/railgunpat/uczelnia/kolo/rekrutacja/printer-farm/printer-farm-master/cmake-build-debug/CMakeFiles/CMakeTmp

Run Build Command:"/usr/bin/make" "cmTC_27e98/fast"
/usr/bin/make -f CMakeFiles/cmTC_27e98.dir/build.make CMakeFiles/cmTC_27e98.dir/build
make[1]: Wejście do katalogu '/home/railgunpat/uczelnia/kolo/rekrutacja/printer-farm/printer-farm-master/cmake-build-debug/CMakeFiles/CMakeTmp'
Building C object CMakeFiles/cmTC_27e98.dir/CheckSymbolExists.c.o
/usr/bin/cc    -o CMakeFiles/cmTC_27e98.dir/CheckSymbolExists.c.o   -c /home/railgunpat/uczelnia/kolo/rekrutacja/printer-farm/printer-farm-master/cmake-build-debug/CMakeFiles/CMakeTmp/CheckSymbolExists.c
Linking C executable cmTC_27e98
/home/railgunpat/other_bins/clion-2019.1/bin/cmake/linux/bin/cmake -E cmake_link_script CMakeFiles/cmTC_27e98.dir/link.txt --verbose=1
/usr/bin/cc      CMakeFiles/cmTC_27e98.dir/CheckSymbolExists.c.o  -o cmTC_27e98 
CMakeFiles/cmTC_27e98.dir/CheckSymbolExists.c.o: In function `main':
CheckSymbolExists.c:(.text+0x1b): undefined reference to `pthread_create'
collect2: error: ld returned 1 exit status
CMakeFiles/cmTC_27e98.dir/build.make:86: recipe for target 'cmTC_27e98' failed
make[1]: *** [cmTC_27e98] Error 1
make[1]: Opuszczenie katalogu '/home/railgunpat/uczelnia/kolo/rekrutacja/printer-farm/printer-farm-master/cmake-build-debug/CMakeFiles/CMakeTmp'
Makefile:121: recipe for target 'cmTC_27e98/fast' failed
make: *** [cmTC_27e98/fast] Error 2

File /home/railgunpat/uczelnia/kolo/rekrutacja/printer-farm/printer-farm-master/cmake-build-debug/CMakeFiles/CMakeTmp/CheckSymbolExists.c:
/* */
#include <pthread.h>

int main(int argc, char** argv)
{
  (void)argv;
#ifndef pthread_create
  return ((int*)(&pthread_create))[argc];
#else
  (void)argc;
  return 0;
#endif
}

Determining if the function pthread_create exists in the pthreads failed with the following output:
Change Dir: /home/railgunpat/uczelnia/kolo/rekrutacja/printer-farm/printer-farm-master/cmake-build-debug/CMakeFiles/CMakeTmp

Run Build Command:"/usr/bin/make" "cmTC_044a6/fast"
/usr/bin/make -f CMakeFiles/cmTC_044a6.dir/build.make CMakeFiles/cmTC_044a6.dir/build
make[1]: Wejście do katalogu '/home/railgunpat/uczelnia/kolo/rekrutacja/printer-farm/printer-farm-master/cmake-build-debug/CMakeFiles/CMakeTmp'
Building C object CMakeFiles/cmTC_044a6.dir/CheckFunctionExists.c.o
/usr/bin/cc   -DCHECK_FUNCTION_EXISTS=pthread_create   -o CMakeFiles/cmTC_044a6.dir/CheckFunctionExists.c.o   -c /home/railgunpat/other_bins/clion-2019.1/bin/cmake/linux/share/cmake-3.13/Modules/CheckFunctionExists.c
Linking C executable cmTC_044a6
/home/railgunpat/other_bins/clion-2019.1/bin/cmake/linux/bin/cmake -E cmake_link_script CMakeFiles/cmTC_044a6.dir/link.txt --verbose=1
/usr/bin/cc  -DCHECK_FUNCTION_EXISTS=pthread_create    CMakeFiles/cmTC_044a6.dir/CheckFunctionExists.c.o  -o cmTC_044a6 -lpthreads 
/usr/bin/ld: cannot find -lpthreads
collect2: error: ld returned 1 exit status
CMakeFiles/cmTC_044a6.dir/build.make:86: recipe for target 'cmTC_044a6' failed
make[1]: *** [cmTC_044a6] Error 1
make[1]: Opuszczenie katalogu '/home/railgunpat/uczelnia/kolo/rekrutacja/printer-farm/printer-farm-master/cmake-build-debug/CMakeFiles/CMakeTmp'
Makefile:121: recipe for target 'cmTC_044a6/fast' failed
make: *** [cmTC_044a6/fast] Error 2


